<?xml version="1.0" encoding="UTF-8"?>
<!-- Generated by org.testng.reporters.JUnitReportReporter -->
<testsuite hostname="Abhipriya" failures="0" tests="1" name="testcases.VerifySignIn" time="12.119" errors="0" timestamp="2022-11-03T20:00:18 IST" skipped="0">
  <testcase classname="testcases.VerifySignIn" name="SignIn" time="12.119"/>
  <system-out/>
</testsuite> <!-- testcases.VerifySignIn -->
